2017-12-11 15:44:52,854 INFO  [org.jboss.errai.enterprise.rebind.NonGwtEventQualifierSerializerGenerator] (MSC service thread 1-2) Attempting to load org.jboss.errai.cdi.EventQualifierSerializerImpl
2017-12-11 15:44:52,859 INFO  [org.jboss.errai.codegen.util.ClassChangeUtil] (MSC service thread 1-2) Searching for class: org.jboss.errai.cdi.EventQualifierSerializerImpl
2017-12-11 15:44:52,864 INFO  [org.jboss.errai.codegen.util.ClassChangeUtil] (MSC service thread 1-2) Loading class org.jboss.errai.cdi.EventQualifierSerializerImpl found at /home/danielkorbel2/git/erp/src/main/webapp/WEB-INF/classes/org/jboss/errai/cdi/EventQualifierSerializerImpl.class
2017-12-11 15:44:52,865 INFO  [org.jboss.errai.enterprise.rebind.NonGwtEventQualifierSerializerGenerator] (MSC service thread 1-2) Successfully loaded org.jboss.errai.cdi.EventQualifierSerializerImpl
2017-12-11 15:44:54,158 INFO  [org.jboss.errai.cdi.server.CDIExtensionPoints] (MSC service thread 1-8) starting errai cdi ...
2017-12-11 15:44:56,990 INFO  [org.jboss.errai.enterprise.rebind.NonGwtEventQualifierSerializerGenerator] (MSC service thread 1-1) Attempting to load org.jboss.errai.cdi.EventQualifierSerializerImpl
2017-12-11 15:44:56,994 INFO  [org.jboss.errai.codegen.util.ClassChangeUtil] (MSC service thread 1-1) Searching for class: org.jboss.errai.cdi.EventQualifierSerializerImpl
2017-12-11 15:44:56,997 INFO  [org.jboss.errai.codegen.util.ClassChangeUtil] (MSC service thread 1-1) Loading class org.jboss.errai.cdi.EventQualifierSerializerImpl found at /home/danielkorbel2/git/erp/src/main/webapp/WEB-INF/classes/org/jboss/errai/cdi/EventQualifierSerializerImpl.class
2017-12-11 15:44:56,999 INFO  [org.jboss.errai.enterprise.rebind.NonGwtEventQualifierSerializerGenerator] (MSC service thread 1-1) Successfully loaded org.jboss.errai.cdi.EventQualifierSerializerImpl
2017-12-11 15:44:57,134 INFO  [org.jboss.errai.cdi.server.CDIExtensionPoints] (MSC service thread 1-7) starting errai cdi ...
2017-12-11 15:51:43,094 INFO  [org.jboss.errai.codegen.util.ClassChangeUtil] (default task-11) Searching for class: org.jboss.errai.ServerMarshallingFactoryImpl
2017-12-11 15:51:43,095 INFO  [org.jboss.errai.codegen.util.ClassChangeUtil] (default task-11) Loading class org.jboss.errai.ServerMarshallingFactoryImpl found at /home/danielkorbel2/git/erp/src/main/webapp/WEB-INF/classes/org/jboss/errai/ServerMarshallingFactoryImpl.class
2017-12-11 16:40:03,586 INFO  [org.jboss.errai.enterprise.rebind.NonGwtEventQualifierSerializerGenerator] (MSC service thread 1-7) Attempting to load org.jboss.errai.cdi.EventQualifierSerializerImpl
2017-12-11 16:40:03,588 INFO  [org.jboss.errai.codegen.util.ClassChangeUtil] (MSC service thread 1-7) Searching for class: org.jboss.errai.cdi.EventQualifierSerializerImpl
2017-12-11 16:40:03,590 INFO  [org.jboss.errai.codegen.util.ClassChangeUtil] (MSC service thread 1-7) Loading class org.jboss.errai.cdi.EventQualifierSerializerImpl found at /home/danielkorbel2/git/erp/src/main/webapp/WEB-INF/classes/org/jboss/errai/cdi/EventQualifierSerializerImpl.class
2017-12-11 16:40:03,590 INFO  [org.jboss.errai.enterprise.rebind.NonGwtEventQualifierSerializerGenerator] (MSC service thread 1-7) Successfully loaded org.jboss.errai.cdi.EventQualifierSerializerImpl
2017-12-11 16:40:03,673 INFO  [org.jboss.errai.cdi.server.CDIExtensionPoints] (MSC service thread 1-3) starting errai cdi ...
2017-12-11 16:40:09,714 INFO  [org.jboss.errai.codegen.util.ClassChangeUtil] (default task-63) Searching for class: org.jboss.errai.ServerMarshallingFactoryImpl
2017-12-11 16:40:09,716 INFO  [org.jboss.errai.codegen.util.ClassChangeUtil] (default task-63) Loading class org.jboss.errai.ServerMarshallingFactoryImpl found at /home/danielkorbel2/git/erp/src/main/webapp/WEB-INF/classes/org/jboss/errai/ServerMarshallingFactoryImpl.class
2017-12-11 20:08:47,177 INFO  [org.jboss.errai.enterprise.rebind.NonGwtEventQualifierSerializerGenerator] (MSC service thread 1-8) Attempting to load org.jboss.errai.cdi.EventQualifierSerializerImpl
2017-12-11 20:08:47,181 INFO  [org.jboss.errai.codegen.util.ClassChangeUtil] (MSC service thread 1-8) Searching for class: org.jboss.errai.cdi.EventQualifierSerializerImpl
2017-12-11 20:08:47,186 INFO  [org.jboss.errai.codegen.util.ClassChangeUtil] (MSC service thread 1-8) Loading class org.jboss.errai.cdi.EventQualifierSerializerImpl found at /home/danielkorbel2/git/erp/src/main/webapp/WEB-INF/classes/org/jboss/errai/cdi/EventQualifierSerializerImpl.class
2017-12-11 20:08:47,187 INFO  [org.jboss.errai.enterprise.rebind.NonGwtEventQualifierSerializerGenerator] (MSC service thread 1-8) Successfully loaded org.jboss.errai.cdi.EventQualifierSerializerImpl
2017-12-11 20:08:50,335 INFO  [org.jboss.errai.cdi.server.CDIExtensionPoints] (MSC service thread 1-8) starting errai cdi ...
2017-12-11 20:08:52,594 INFO  [org.jboss.errai.enterprise.rebind.NonGwtEventQualifierSerializerGenerator] (MSC service thread 1-6) Attempting to load org.jboss.errai.cdi.EventQualifierSerializerImpl
2017-12-11 20:08:52,597 INFO  [org.jboss.errai.codegen.util.ClassChangeUtil] (MSC service thread 1-6) Searching for class: org.jboss.errai.cdi.EventQualifierSerializerImpl
2017-12-11 20:08:52,599 INFO  [org.jboss.errai.codegen.util.ClassChangeUtil] (MSC service thread 1-6) Loading class org.jboss.errai.cdi.EventQualifierSerializerImpl found at /home/danielkorbel2/git/erp/src/main/webapp/WEB-INF/classes/org/jboss/errai/cdi/EventQualifierSerializerImpl.class
2017-12-11 20:08:52,600 INFO  [org.jboss.errai.enterprise.rebind.NonGwtEventQualifierSerializerGenerator] (MSC service thread 1-6) Successfully loaded org.jboss.errai.cdi.EventQualifierSerializerImpl
2017-12-11 20:08:52,718 INFO  [org.jboss.errai.cdi.server.CDIExtensionPoints] (MSC service thread 1-5) starting errai cdi ...
2017-12-11 20:09:04,408 INFO  [org.jboss.errai.codegen.util.ClassChangeUtil] (default task-8) Searching for class: org.jboss.errai.ServerMarshallingFactoryImpl
2017-12-11 20:09:04,411 INFO  [org.jboss.errai.codegen.util.ClassChangeUtil] (default task-8) Loading class org.jboss.errai.ServerMarshallingFactoryImpl found at /home/danielkorbel2/git/erp/src/main/webapp/WEB-INF/classes/org/jboss/errai/ServerMarshallingFactoryImpl.class
2017-12-11 20:37:19,970 INFO  [org.jboss.errai.enterprise.rebind.NonGwtEventQualifierSerializerGenerator] (MSC service thread 1-2) Attempting to load org.jboss.errai.cdi.EventQualifierSerializerImpl
2017-12-11 20:37:19,974 INFO  [org.jboss.errai.codegen.util.ClassChangeUtil] (MSC service thread 1-2) Searching for class: org.jboss.errai.cdi.EventQualifierSerializerImpl
2017-12-11 20:37:19,980 INFO  [org.jboss.errai.codegen.util.ClassChangeUtil] (MSC service thread 1-2) Could not find URL for org.jboss.errai.cdi.EventQualifierSerializerImpl. Attempting to load with context class loader.
2017-12-11 20:37:19,980 WARN  [org.jboss.errai.codegen.util.ClassChangeUtil] (MSC service thread 1-2) Could not load org.jboss.errai.cdi.EventQualifierSerializerImpl class.
2017-12-11 20:37:19,980 WARN  [org.jboss.errai.enterprise.rebind.NonGwtEventQualifierSerializerGenerator] (MSC service thread 1-2) No org.jboss.errai.cdi.EventQualifierSerializerImpl found on the classpath. Attempting to generate and load.
2017-12-11 20:37:19,980 INFO  [org.jboss.errai.enterprise.rebind.NonGwtEventQualifierSerializerGenerator] (MSC service thread 1-2) Generating source for org.jboss.errai.cdi.EventQualifierSerializerImpl...
2017-12-11 20:37:20,010 WARN  [org.jboss.errai.common.metadata.ErraiAppPropertiesFiles] (Thread-102) Module vfs:/home/danielkorbel2/git/erp/src/main/webapp/WEB-INF/classes/ contains ErraiApp.properties in root dir. Please consider moving it to META-INF/
2017-12-11 20:37:20,062 WARN  [org.jboss.errai.common.metadata.ErraiAppPropertiesFiles] (Thread-102) Module vfs:/home/danielkorbel2/git/erp/src/main/webapp/WEB-INF/classes/ contains ErraiApp.properties in root dir. Please consider moving it to META-INF/
2017-12-11 20:37:20,063 WARN  [org.jboss.errai.common.metadata.ErraiAppPropertiesFiles] (Thread-102) Module vfs:/home/danielkorbel2/git/erp/src/main/webapp/WEB-INF/classes/ contains ErraiApp.properties in root dir. Please consider moving it to META-INF/
2017-12-11 20:37:20,066 INFO  [org.jboss.errai.common.metadata.MetaDataScanner] (Thread-102) added class scanning extensions: org.jboss.errai.common.metadata.JbossVFsTypeHandler
2017-12-11 20:37:20,066 INFO  [org.jboss.errai.common.metadata.MetaDataScanner] (Thread-102) added class scanning extensions: org.jboss.errai.common.metadata.JbossVFsTypeHandler
2017-12-11 20:37:20,243 INFO  [org.jboss.errai.reflections.Reflections] (Thread-102) Reflections took 174 ms to scan 11 urls, producing 461 keys and 3003 values [using 2 cores]
2017-12-11 20:37:20,366 INFO  [org.jboss.errai.enterprise.rebind.NonGwtEventQualifierSerializerGenerator] (MSC service thread 1-2) Successfully generated source for org.jboss.errai.cdi.EventQualifierSerializerImpl
2017-12-11 20:37:20,366 INFO  [org.jboss.errai.enterprise.rebind.NonGwtEventQualifierSerializerGenerator] (MSC service thread 1-2) Attempting to compile and load org.jboss.errai.cdi.EventQualifierSerializerImpl
2017-12-11 20:37:20,366 INFO  [org.jboss.errai.codegen.util.ClassChangeUtil] (MSC service thread 1-2) Compiling and loading org.jboss.errai.cdi.EventQualifierSerializerImpl from source...
2017-12-11 20:37:20,368 INFO  [org.jboss.errai.codegen.util.ClassChangeUtil] (MSC service thread 1-2) Using temporary directory for source and class files: /tmp/danielkorbel2/errai/3a5dc9323b1dad359a54ed37c37e98250f96ef3/errai.gen/classes/org/jboss/errai/cdi
2017-12-11 20:37:20,369 INFO  [org.jboss.errai.codegen.util.ClassChangeUtil] (MSC service thread 1-2) Writing source file /tmp/danielkorbel2/errai/3a5dc9323b1dad359a54ed37c37e98250f96ef3/errai.gen/classes/org/jboss/errai/cdi/EventQualifierSerializerImpl.java...
2017-12-11 20:37:20,369 INFO  [org.jboss.errai.codegen.util.ClassChangeUtil] (MSC service thread 1-2) Compiling org.jboss.errai.cdi.EventQualifierSerializerImpl in source file /tmp/danielkorbel2/errai/3a5dc9323b1dad359a54ed37c37e98250f96ef3/errai.gen/classes/org/jboss/errai/cdi/EventQualifierSerializerImpl.java...
2017-12-11 20:37:20,375 WARN  [org.jboss.errai.cdi.server.CDIExtensionPoints] (MSC service thread 1-2) Failed to load static or create static EventQualifierSerializer. Falling back to dynamic serialization.
2017-12-11 20:37:23,633 INFO  [org.jboss.errai.cdi.server.CDIExtensionPoints] (MSC service thread 1-1) starting errai cdi ...
2017-12-11 20:37:23,880 WARN  [org.jboss.errai.common.metadata.ErraiAppPropertiesFiles] (MSC service thread 1-1) Module vfs:/home/danielkorbel2/git/erp/src/main/webapp/WEB-INF/classes/ contains ErraiApp.properties in root dir. Please consider moving it to META-INF/
2017-12-11 20:37:23,881 WARN  [org.jboss.errai.common.metadata.ErraiAppPropertiesFiles] (MSC service thread 1-1) Module vfs:/home/danielkorbel2/git/erp/src/main/webapp/WEB-INF/classes/ contains ErraiApp.properties in root dir. Please consider moving it to META-INF/
2017-12-11 20:37:25,708 INFO  [org.jboss.errai.enterprise.rebind.NonGwtEventQualifierSerializerGenerator] (MSC service thread 1-2) Attempting to load org.jboss.errai.cdi.EventQualifierSerializerImpl
2017-12-11 20:37:25,711 INFO  [org.jboss.errai.codegen.util.ClassChangeUtil] (MSC service thread 1-2) Searching for class: org.jboss.errai.cdi.EventQualifierSerializerImpl
2017-12-11 20:37:25,713 INFO  [org.jboss.errai.codegen.util.ClassChangeUtil] (MSC service thread 1-2) Could not find URL for org.jboss.errai.cdi.EventQualifierSerializerImpl. Attempting to load with context class loader.
2017-12-11 20:37:25,714 WARN  [org.jboss.errai.codegen.util.ClassChangeUtil] (MSC service thread 1-2) Could not load org.jboss.errai.cdi.EventQualifierSerializerImpl class.
2017-12-11 20:37:25,714 WARN  [org.jboss.errai.enterprise.rebind.NonGwtEventQualifierSerializerGenerator] (MSC service thread 1-2) No org.jboss.errai.cdi.EventQualifierSerializerImpl found on the classpath. Attempting to generate and load.
2017-12-11 20:37:25,715 INFO  [org.jboss.errai.enterprise.rebind.NonGwtEventQualifierSerializerGenerator] (MSC service thread 1-2) Generating source for org.jboss.errai.cdi.EventQualifierSerializerImpl...
2017-12-11 20:37:25,744 WARN  [org.jboss.errai.common.metadata.ErraiAppPropertiesFiles] (Thread-128) Module vfs:/home/danielkorbel2/git/erp/src/main/webapp/WEB-INF/classes/ contains ErraiApp.properties in root dir. Please consider moving it to META-INF/
2017-12-11 20:37:25,780 WARN  [org.jboss.errai.common.metadata.ErraiAppPropertiesFiles] (Thread-128) Module vfs:/home/danielkorbel2/git/erp/src/main/webapp/WEB-INF/classes/ contains ErraiApp.properties in root dir. Please consider moving it to META-INF/
2017-12-11 20:37:25,780 WARN  [org.jboss.errai.common.metadata.ErraiAppPropertiesFiles] (Thread-128) Module vfs:/home/danielkorbel2/git/erp/src/main/webapp/WEB-INF/classes/ contains ErraiApp.properties in root dir. Please consider moving it to META-INF/
2017-12-11 20:37:25,782 INFO  [org.jboss.errai.common.metadata.MetaDataScanner] (Thread-128) added class scanning extensions: org.jboss.errai.common.metadata.JbossVFsTypeHandler
2017-12-11 20:37:25,782 INFO  [org.jboss.errai.common.metadata.MetaDataScanner] (Thread-128) added class scanning extensions: org.jboss.errai.common.metadata.JbossVFsTypeHandler
2017-12-11 20:37:25,922 INFO  [org.jboss.errai.reflections.Reflections] (Thread-128) Reflections took 136 ms to scan 11 urls, producing 461 keys and 3003 values [using 2 cores]
2017-12-11 20:37:26,020 INFO  [org.jboss.errai.enterprise.rebind.NonGwtEventQualifierSerializerGenerator] (MSC service thread 1-2) Successfully generated source for org.jboss.errai.cdi.EventQualifierSerializerImpl
2017-12-11 20:37:26,021 INFO  [org.jboss.errai.enterprise.rebind.NonGwtEventQualifierSerializerGenerator] (MSC service thread 1-2) Attempting to compile and load org.jboss.errai.cdi.EventQualifierSerializerImpl
2017-12-11 20:37:26,021 INFO  [org.jboss.errai.codegen.util.ClassChangeUtil] (MSC service thread 1-2) Compiling and loading org.jboss.errai.cdi.EventQualifierSerializerImpl from source...
2017-12-11 20:37:26,022 INFO  [org.jboss.errai.codegen.util.ClassChangeUtil] (MSC service thread 1-2) Using temporary directory for source and class files: /tmp/danielkorbel2/errai/3a5dc9323b1dad359a54ed37c37e98250f96ef3/errai.gen/classes/org/jboss/errai/cdi
2017-12-11 20:37:26,023 INFO  [org.jboss.errai.codegen.util.ClassChangeUtil] (MSC service thread 1-2) Directory /tmp/danielkorbel2/errai/3a5dc9323b1dad359a54ed37c37e98250f96ef3/errai.gen/classes/org/jboss/errai/cdi already exists. Deleting directory and contents (enable debug logging to see deleted files).
2017-12-11 20:37:26,023 INFO  [org.jboss.errai.codegen.util.ClassChangeUtil] (MSC service thread 1-2) Writing source file /tmp/danielkorbel2/errai/3a5dc9323b1dad359a54ed37c37e98250f96ef3/errai.gen/classes/org/jboss/errai/cdi/EventQualifierSerializerImpl.java...
2017-12-11 20:37:26,023 INFO  [org.jboss.errai.codegen.util.ClassChangeUtil] (MSC service thread 1-2) Compiling org.jboss.errai.cdi.EventQualifierSerializerImpl in source file /tmp/danielkorbel2/errai/3a5dc9323b1dad359a54ed37c37e98250f96ef3/errai.gen/classes/org/jboss/errai/cdi/EventQualifierSerializerImpl.java...
2017-12-11 20:37:26,030 WARN  [org.jboss.errai.cdi.server.CDIExtensionPoints] (MSC service thread 1-2) Failed to load static or create static EventQualifierSerializer. Falling back to dynamic serialization.
2017-12-11 20:37:26,134 INFO  [org.jboss.errai.cdi.server.CDIExtensionPoints] (MSC service thread 1-4) starting errai cdi ...
2017-12-11 20:37:26,211 WARN  [org.jboss.errai.common.metadata.ErraiAppPropertiesFiles] (MSC service thread 1-4) Module vfs:/home/danielkorbel2/git/erp/src/main/webapp/WEB-INF/classes/ contains ErraiApp.properties in root dir. Please consider moving it to META-INF/
2017-12-11 20:37:26,212 WARN  [org.jboss.errai.common.metadata.ErraiAppPropertiesFiles] (MSC service thread 1-4) Module vfs:/home/danielkorbel2/git/erp/src/main/webapp/WEB-INF/classes/ contains ErraiApp.properties in root dir. Please consider moving it to META-INF/
2017-12-11 20:37:33,674 INFO  [org.jboss.errai.codegen.util.ClassChangeUtil] (default task-9) Searching for class: org.jboss.errai.ServerMarshallingFactoryImpl
2017-12-11 20:37:33,676 INFO  [org.jboss.errai.codegen.util.ClassChangeUtil] (default task-9) Could not find URL for org.jboss.errai.ServerMarshallingFactoryImpl. Attempting to load with context class loader.
2017-12-11 20:37:33,677 WARN  [org.jboss.errai.codegen.util.ClassChangeUtil] (default task-9) Could not load org.jboss.errai.ServerMarshallingFactoryImpl class.
2017-12-11 20:37:33,682 WARN  [org.jboss.errai.common.metadata.ErraiAppPropertiesFiles] (default task-9) Module vfs:/home/danielkorbel2/git/erp/src/main/webapp/WEB-INF/classes/ contains ErraiApp.properties in root dir. Please consider moving it to META-INF/
2017-12-11 20:37:33,683 WARN  [org.jboss.errai.common.metadata.ErraiAppPropertiesFiles] (default task-9) Module vfs:/home/danielkorbel2/git/erp/src/main/webapp/WEB-INF/classes/ contains ErraiApp.properties in root dir. Please consider moving it to META-INF/
2017-12-11 20:37:33,788 WARN  [org.jboss.errai.common.metadata.ErraiAppPropertiesFiles] (default task-9) Module vfs:/home/danielkorbel2/git/erp/src/main/webapp/WEB-INF/classes/ contains ErraiApp.properties in root dir. Please consider moving it to META-INF/
2017-12-11 20:37:33,789 WARN  [org.jboss.errai.common.metadata.ErraiAppPropertiesFiles] (default task-9) Module vfs:/home/danielkorbel2/git/erp/src/main/webapp/WEB-INF/classes/ contains ErraiApp.properties in root dir. Please consider moving it to META-INF/
2017-12-11 21:13:47,810 INFO  [org.jboss.errai.enterprise.rebind.NonGwtEventQualifierSerializerGenerator] (MSC service thread 1-7) Attempting to load org.jboss.errai.cdi.EventQualifierSerializerImpl
2017-12-11 21:13:47,814 INFO  [org.jboss.errai.codegen.util.ClassChangeUtil] (MSC service thread 1-7) Searching for class: org.jboss.errai.cdi.EventQualifierSerializerImpl
2017-12-11 21:13:47,819 INFO  [org.jboss.errai.codegen.util.ClassChangeUtil] (MSC service thread 1-7) Could not find URL for org.jboss.errai.cdi.EventQualifierSerializerImpl. Attempting to load with context class loader.
2017-12-11 21:13:47,820 WARN  [org.jboss.errai.codegen.util.ClassChangeUtil] (MSC service thread 1-7) Could not load org.jboss.errai.cdi.EventQualifierSerializerImpl class.
2017-12-11 21:13:47,820 WARN  [org.jboss.errai.enterprise.rebind.NonGwtEventQualifierSerializerGenerator] (MSC service thread 1-7) No org.jboss.errai.cdi.EventQualifierSerializerImpl found on the classpath. Attempting to generate and load.
2017-12-11 21:13:47,820 INFO  [org.jboss.errai.enterprise.rebind.NonGwtEventQualifierSerializerGenerator] (MSC service thread 1-7) Generating source for org.jboss.errai.cdi.EventQualifierSerializerImpl...
2017-12-11 21:13:47,846 WARN  [org.jboss.errai.common.metadata.ErraiAppPropertiesFiles] (Thread-117) Module vfs:/home/danielkorbel2/git/erp/src/main/webapp/WEB-INF/classes/ contains ErraiApp.properties in root dir. Please consider moving it to META-INF/
2017-12-11 21:13:47,886 WARN  [org.jboss.errai.common.metadata.ErraiAppPropertiesFiles] (Thread-117) Module vfs:/home/danielkorbel2/git/erp/src/main/webapp/WEB-INF/classes/ contains ErraiApp.properties in root dir. Please consider moving it to META-INF/
2017-12-11 21:13:47,887 WARN  [org.jboss.errai.common.metadata.ErraiAppPropertiesFiles] (Thread-117) Module vfs:/home/danielkorbel2/git/erp/src/main/webapp/WEB-INF/classes/ contains ErraiApp.properties in root dir. Please consider moving it to META-INF/
2017-12-11 21:13:47,889 INFO  [org.jboss.errai.common.metadata.MetaDataScanner] (Thread-117) added class scanning extensions: org.jboss.errai.common.metadata.JbossVFsTypeHandler
2017-12-11 21:13:47,889 INFO  [org.jboss.errai.common.metadata.MetaDataScanner] (Thread-117) added class scanning extensions: org.jboss.errai.common.metadata.JbossVFsTypeHandler
2017-12-11 21:13:48,099 INFO  [org.jboss.errai.reflections.Reflections] (Thread-117) Reflections took 207 ms to scan 11 urls, producing 461 keys and 3003 values [using 2 cores]
2017-12-11 21:13:48,248 INFO  [org.jboss.errai.enterprise.rebind.NonGwtEventQualifierSerializerGenerator] (MSC service thread 1-7) Successfully generated source for org.jboss.errai.cdi.EventQualifierSerializerImpl
2017-12-11 21:13:48,248 INFO  [org.jboss.errai.enterprise.rebind.NonGwtEventQualifierSerializerGenerator] (MSC service thread 1-7) Attempting to compile and load org.jboss.errai.cdi.EventQualifierSerializerImpl
2017-12-11 21:13:48,248 INFO  [org.jboss.errai.codegen.util.ClassChangeUtil] (MSC service thread 1-7) Compiling and loading org.jboss.errai.cdi.EventQualifierSerializerImpl from source...
2017-12-11 21:13:48,251 INFO  [org.jboss.errai.codegen.util.ClassChangeUtil] (MSC service thread 1-7) Using temporary directory for source and class files: /tmp/danielkorbel2/errai/a72c915b9cfc187cb993612bc48fa8d963d168ad/errai.gen/classes/org/jboss/errai/cdi
2017-12-11 21:13:48,252 INFO  [org.jboss.errai.codegen.util.ClassChangeUtil] (MSC service thread 1-7) Writing source file /tmp/danielkorbel2/errai/a72c915b9cfc187cb993612bc48fa8d963d168ad/errai.gen/classes/org/jboss/errai/cdi/EventQualifierSerializerImpl.java...
2017-12-11 21:13:48,252 INFO  [org.jboss.errai.codegen.util.ClassChangeUtil] (MSC service thread 1-7) Compiling org.jboss.errai.cdi.EventQualifierSerializerImpl in source file /tmp/danielkorbel2/errai/a72c915b9cfc187cb993612bc48fa8d963d168ad/errai.gen/classes/org/jboss/errai/cdi/EventQualifierSerializerImpl.java...
2017-12-11 21:13:48,261 WARN  [org.jboss.errai.cdi.server.CDIExtensionPoints] (MSC service thread 1-7) Failed to load static or create static EventQualifierSerializer. Falling back to dynamic serialization.
2017-12-11 21:13:58,461 INFO  [org.jboss.errai.cdi.server.CDIExtensionPoints] (MSC service thread 1-5) starting errai cdi ...
2017-12-11 21:13:58,850 WARN  [org.jboss.errai.common.metadata.ErraiAppPropertiesFiles] (MSC service thread 1-5) Module vfs:/home/danielkorbel2/git/erp/src/main/webapp/WEB-INF/classes/ contains ErraiApp.properties in root dir. Please consider moving it to META-INF/
2017-12-11 21:13:58,852 WARN  [org.jboss.errai.common.metadata.ErraiAppPropertiesFiles] (MSC service thread 1-5) Module vfs:/home/danielkorbel2/git/erp/src/main/webapp/WEB-INF/classes/ contains ErraiApp.properties in root dir. Please consider moving it to META-INF/
2017-12-11 21:14:08,642 INFO  [org.jboss.errai.codegen.util.ClassChangeUtil] (default task-5) Searching for class: org.jboss.errai.ServerMarshallingFactoryImpl
2017-12-11 21:14:08,645 INFO  [org.jboss.errai.codegen.util.ClassChangeUtil] (default task-5) Could not find URL for org.jboss.errai.ServerMarshallingFactoryImpl. Attempting to load with context class loader.
2017-12-11 21:14:08,645 WARN  [org.jboss.errai.codegen.util.ClassChangeUtil] (default task-5) Could not load org.jboss.errai.ServerMarshallingFactoryImpl class.
2017-12-11 21:14:08,653 WARN  [org.jboss.errai.common.metadata.ErraiAppPropertiesFiles] (default task-5) Module vfs:/home/danielkorbel2/git/erp/src/main/webapp/WEB-INF/classes/ contains ErraiApp.properties in root dir. Please consider moving it to META-INF/
2017-12-11 21:14:08,654 WARN  [org.jboss.errai.common.metadata.ErraiAppPropertiesFiles] (default task-5) Module vfs:/home/danielkorbel2/git/erp/src/main/webapp/WEB-INF/classes/ contains ErraiApp.properties in root dir. Please consider moving it to META-INF/
2017-12-11 21:14:08,771 WARN  [org.jboss.errai.common.metadata.ErraiAppPropertiesFiles] (default task-5) Module vfs:/home/danielkorbel2/git/erp/src/main/webapp/WEB-INF/classes/ contains ErraiApp.properties in root dir. Please consider moving it to META-INF/
2017-12-11 21:14:08,772 WARN  [org.jboss.errai.common.metadata.ErraiAppPropertiesFiles] (default task-5) Module vfs:/home/danielkorbel2/git/erp/src/main/webapp/WEB-INF/classes/ contains ErraiApp.properties in root dir. Please consider moving it to META-INF/
2017-12-11 22:51:38,262 INFO  [org.jboss.errai.enterprise.rebind.NonGwtEventQualifierSerializerGenerator] (MSC service thread 1-3) Attempting to load org.jboss.errai.cdi.EventQualifierSerializerImpl
2017-12-11 22:51:38,267 INFO  [org.jboss.errai.codegen.util.ClassChangeUtil] (MSC service thread 1-3) Searching for class: org.jboss.errai.cdi.EventQualifierSerializerImpl
2017-12-11 22:51:38,275 INFO  [org.jboss.errai.codegen.util.ClassChangeUtil] (MSC service thread 1-3) Could not find URL for org.jboss.errai.cdi.EventQualifierSerializerImpl. Attempting to load with context class loader.
2017-12-11 22:51:38,276 WARN  [org.jboss.errai.codegen.util.ClassChangeUtil] (MSC service thread 1-3) Could not load org.jboss.errai.cdi.EventQualifierSerializerImpl class.
2017-12-11 22:51:38,276 WARN  [org.jboss.errai.enterprise.rebind.NonGwtEventQualifierSerializerGenerator] (MSC service thread 1-3) No org.jboss.errai.cdi.EventQualifierSerializerImpl found on the classpath. Attempting to generate and load.
2017-12-11 22:51:38,276 INFO  [org.jboss.errai.enterprise.rebind.NonGwtEventQualifierSerializerGenerator] (MSC service thread 1-3) Generating source for org.jboss.errai.cdi.EventQualifierSerializerImpl...
2017-12-11 22:51:38,302 WARN  [org.jboss.errai.common.metadata.ErraiAppPropertiesFiles] (Thread-120) Module vfs:/home/danielkorbel2/git/erp/src/main/webapp/WEB-INF/classes/ contains ErraiApp.properties in root dir. Please consider moving it to META-INF/
2017-12-11 22:51:38,339 WARN  [org.jboss.errai.common.metadata.ErraiAppPropertiesFiles] (Thread-120) Module vfs:/home/danielkorbel2/git/erp/src/main/webapp/WEB-INF/classes/ contains ErraiApp.properties in root dir. Please consider moving it to META-INF/
2017-12-11 22:51:38,340 WARN  [org.jboss.errai.common.metadata.ErraiAppPropertiesFiles] (Thread-120) Module vfs:/home/danielkorbel2/git/erp/src/main/webapp/WEB-INF/classes/ contains ErraiApp.properties in root dir. Please consider moving it to META-INF/
2017-12-11 22:51:38,343 INFO  [org.jboss.errai.common.metadata.MetaDataScanner] (Thread-120) added class scanning extensions: org.jboss.errai.common.metadata.JbossVFsTypeHandler
2017-12-11 22:51:38,343 INFO  [org.jboss.errai.common.metadata.MetaDataScanner] (Thread-120) added class scanning extensions: org.jboss.errai.common.metadata.JbossVFsTypeHandler
2017-12-11 22:51:38,576 INFO  [org.jboss.errai.reflections.Reflections] (Thread-120) Reflections took 231 ms to scan 11 urls, producing 461 keys and 3003 values [using 2 cores]
2017-12-11 22:51:38,715 INFO  [org.jboss.errai.enterprise.rebind.NonGwtEventQualifierSerializerGenerator] (MSC service thread 1-3) Successfully generated source for org.jboss.errai.cdi.EventQualifierSerializerImpl
2017-12-11 22:51:38,715 INFO  [org.jboss.errai.enterprise.rebind.NonGwtEventQualifierSerializerGenerator] (MSC service thread 1-3) Attempting to compile and load org.jboss.errai.cdi.EventQualifierSerializerImpl
2017-12-11 22:51:38,716 INFO  [org.jboss.errai.codegen.util.ClassChangeUtil] (MSC service thread 1-3) Compiling and loading org.jboss.errai.cdi.EventQualifierSerializerImpl from source...
2017-12-11 22:51:38,719 INFO  [org.jboss.errai.codegen.util.ClassChangeUtil] (MSC service thread 1-3) Using temporary directory for source and class files: /tmp/danielkorbel2/errai/a72c915b9cfc187cb993612bc48fa8d963d168ad/errai.gen/classes/org/jboss/errai/cdi
2017-12-11 22:51:38,719 INFO  [org.jboss.errai.codegen.util.ClassChangeUtil] (MSC service thread 1-3) Directory /tmp/danielkorbel2/errai/a72c915b9cfc187cb993612bc48fa8d963d168ad/errai.gen/classes/org/jboss/errai/cdi already exists. Deleting directory and contents (enable debug logging to see deleted files).
2017-12-11 22:51:38,719 INFO  [org.jboss.errai.codegen.util.ClassChangeUtil] (MSC service thread 1-3) Writing source file /tmp/danielkorbel2/errai/a72c915b9cfc187cb993612bc48fa8d963d168ad/errai.gen/classes/org/jboss/errai/cdi/EventQualifierSerializerImpl.java...
2017-12-11 22:51:38,720 INFO  [org.jboss.errai.codegen.util.ClassChangeUtil] (MSC service thread 1-3) Compiling org.jboss.errai.cdi.EventQualifierSerializerImpl in source file /tmp/danielkorbel2/errai/a72c915b9cfc187cb993612bc48fa8d963d168ad/errai.gen/classes/org/jboss/errai/cdi/EventQualifierSerializerImpl.java...
2017-12-11 22:51:38,730 WARN  [org.jboss.errai.cdi.server.CDIExtensionPoints] (MSC service thread 1-3) Failed to load static or create static EventQualifierSerializer. Falling back to dynamic serialization.
2017-12-11 22:51:54,802 INFO  [org.jboss.errai.cdi.server.CDIExtensionPoints] (MSC service thread 1-2) starting errai cdi ...
2017-12-11 22:51:55,148 WARN  [org.jboss.errai.common.metadata.ErraiAppPropertiesFiles] (MSC service thread 1-2) Module vfs:/home/danielkorbel2/git/erp/src/main/webapp/WEB-INF/classes/ contains ErraiApp.properties in root dir. Please consider moving it to META-INF/
2017-12-11 22:51:55,149 WARN  [org.jboss.errai.common.metadata.ErraiAppPropertiesFiles] (MSC service thread 1-2) Module vfs:/home/danielkorbel2/git/erp/src/main/webapp/WEB-INF/classes/ contains ErraiApp.properties in root dir. Please consider moving it to META-INF/
2017-12-11 22:52:02,994 INFO  [org.jboss.errai.codegen.util.ClassChangeUtil] (default task-5) Searching for class: org.jboss.errai.ServerMarshallingFactoryImpl
2017-12-11 22:52:02,996 INFO  [org.jboss.errai.codegen.util.ClassChangeUtil] (default task-5) Could not find URL for org.jboss.errai.ServerMarshallingFactoryImpl. Attempting to load with context class loader.
2017-12-11 22:52:02,997 WARN  [org.jboss.errai.codegen.util.ClassChangeUtil] (default task-5) Could not load org.jboss.errai.ServerMarshallingFactoryImpl class.
2017-12-11 22:52:03,003 WARN  [org.jboss.errai.common.metadata.ErraiAppPropertiesFiles] (default task-5) Module vfs:/home/danielkorbel2/git/erp/src/main/webapp/WEB-INF/classes/ contains ErraiApp.properties in root dir. Please consider moving it to META-INF/
2017-12-11 22:52:03,004 WARN  [org.jboss.errai.common.metadata.ErraiAppPropertiesFiles] (default task-5) Module vfs:/home/danielkorbel2/git/erp/src/main/webapp/WEB-INF/classes/ contains ErraiApp.properties in root dir. Please consider moving it to META-INF/
2017-12-11 22:52:03,123 WARN  [org.jboss.errai.common.metadata.ErraiAppPropertiesFiles] (default task-5) Module vfs:/home/danielkorbel2/git/erp/src/main/webapp/WEB-INF/classes/ contains ErraiApp.properties in root dir. Please consider moving it to META-INF/
2017-12-11 22:52:03,124 WARN  [org.jboss.errai.common.metadata.ErraiAppPropertiesFiles] (default task-5) Module vfs:/home/danielkorbel2/git/erp/src/main/webapp/WEB-INF/classes/ contains ErraiApp.properties in root dir. Please consider moving it to META-INF/
2017-12-11 22:58:06,769 INFO  [org.jboss.errai.enterprise.rebind.NonGwtEventQualifierSerializerGenerator] (MSC service thread 1-4) Attempting to load org.jboss.errai.cdi.EventQualifierSerializerImpl
2017-12-11 22:58:06,773 INFO  [org.jboss.errai.codegen.util.ClassChangeUtil] (MSC service thread 1-4) Searching for class: org.jboss.errai.cdi.EventQualifierSerializerImpl
2017-12-11 22:58:06,778 INFO  [org.jboss.errai.codegen.util.ClassChangeUtil] (MSC service thread 1-4) Could not find URL for org.jboss.errai.cdi.EventQualifierSerializerImpl. Attempting to load with context class loader.
2017-12-11 22:58:06,779 WARN  [org.jboss.errai.codegen.util.ClassChangeUtil] (MSC service thread 1-4) Could not load org.jboss.errai.cdi.EventQualifierSerializerImpl class.
2017-12-11 22:58:06,779 WARN  [org.jboss.errai.enterprise.rebind.NonGwtEventQualifierSerializerGenerator] (MSC service thread 1-4) No org.jboss.errai.cdi.EventQualifierSerializerImpl found on the classpath. Attempting to generate and load.
2017-12-11 22:58:06,779 INFO  [org.jboss.errai.enterprise.rebind.NonGwtEventQualifierSerializerGenerator] (MSC service thread 1-4) Generating source for org.jboss.errai.cdi.EventQualifierSerializerImpl...
2017-12-11 22:58:06,812 WARN  [org.jboss.errai.common.metadata.ErraiAppPropertiesFiles] (Thread-119) Module vfs:/home/danielkorbel2/git/erp/src/main/webapp/WEB-INF/classes/ contains ErraiApp.properties in root dir. Please consider moving it to META-INF/
2017-12-11 22:58:06,864 WARN  [org.jboss.errai.common.metadata.ErraiAppPropertiesFiles] (Thread-119) Module vfs:/home/danielkorbel2/git/erp/src/main/webapp/WEB-INF/classes/ contains ErraiApp.properties in root dir. Please consider moving it to META-INF/
2017-12-11 22:58:06,865 WARN  [org.jboss.errai.common.metadata.ErraiAppPropertiesFiles] (Thread-119) Module vfs:/home/danielkorbel2/git/erp/src/main/webapp/WEB-INF/classes/ contains ErraiApp.properties in root dir. Please consider moving it to META-INF/
2017-12-11 22:58:06,868 INFO  [org.jboss.errai.common.metadata.MetaDataScanner] (Thread-119) added class scanning extensions: org.jboss.errai.common.metadata.JbossVFsTypeHandler
2017-12-11 22:58:06,868 INFO  [org.jboss.errai.common.metadata.MetaDataScanner] (Thread-119) added class scanning extensions: org.jboss.errai.common.metadata.JbossVFsTypeHandler
2017-12-11 22:58:07,128 INFO  [org.jboss.errai.reflections.Reflections] (Thread-119) Reflections took 257 ms to scan 11 urls, producing 461 keys and 3003 values [using 2 cores]
2017-12-11 22:58:07,302 INFO  [org.jboss.errai.enterprise.rebind.NonGwtEventQualifierSerializerGenerator] (MSC service thread 1-4) Successfully generated source for org.jboss.errai.cdi.EventQualifierSerializerImpl
2017-12-11 22:58:07,302 INFO  [org.jboss.errai.enterprise.rebind.NonGwtEventQualifierSerializerGenerator] (MSC service thread 1-4) Attempting to compile and load org.jboss.errai.cdi.EventQualifierSerializerImpl
2017-12-11 22:58:07,303 INFO  [org.jboss.errai.codegen.util.ClassChangeUtil] (MSC service thread 1-4) Compiling and loading org.jboss.errai.cdi.EventQualifierSerializerImpl from source...
2017-12-11 22:58:07,306 INFO  [org.jboss.errai.codegen.util.ClassChangeUtil] (MSC service thread 1-4) Using temporary directory for source and class files: /tmp/danielkorbel2/errai/a72c915b9cfc187cb993612bc48fa8d963d168ad/errai.gen/classes/org/jboss/errai/cdi
2017-12-11 22:58:07,306 INFO  [org.jboss.errai.codegen.util.ClassChangeUtil] (MSC service thread 1-4) Directory /tmp/danielkorbel2/errai/a72c915b9cfc187cb993612bc48fa8d963d168ad/errai.gen/classes/org/jboss/errai/cdi already exists. Deleting directory and contents (enable debug logging to see deleted files).
2017-12-11 22:58:07,307 INFO  [org.jboss.errai.codegen.util.ClassChangeUtil] (MSC service thread 1-4) Writing source file /tmp/danielkorbel2/errai/a72c915b9cfc187cb993612bc48fa8d963d168ad/errai.gen/classes/org/jboss/errai/cdi/EventQualifierSerializerImpl.java...
2017-12-11 22:58:07,308 INFO  [org.jboss.errai.codegen.util.ClassChangeUtil] (MSC service thread 1-4) Compiling org.jboss.errai.cdi.EventQualifierSerializerImpl in source file /tmp/danielkorbel2/errai/a72c915b9cfc187cb993612bc48fa8d963d168ad/errai.gen/classes/org/jboss/errai/cdi/EventQualifierSerializerImpl.java...
2017-12-11 22:58:07,317 WARN  [org.jboss.errai.cdi.server.CDIExtensionPoints] (MSC service thread 1-4) Failed to load static or create static EventQualifierSerializer. Falling back to dynamic serialization.
2017-12-11 22:58:09,871 INFO  [org.jboss.errai.cdi.server.CDIExtensionPoints] (MSC service thread 1-1) starting errai cdi ...
2017-12-11 22:58:10,226 WARN  [org.jboss.errai.common.metadata.ErraiAppPropertiesFiles] (MSC service thread 1-1) Module vfs:/home/danielkorbel2/git/erp/src/main/webapp/WEB-INF/classes/ contains ErraiApp.properties in root dir. Please consider moving it to META-INF/
2017-12-11 22:58:10,228 WARN  [org.jboss.errai.common.metadata.ErraiAppPropertiesFiles] (MSC service thread 1-1) Module vfs:/home/danielkorbel2/git/erp/src/main/webapp/WEB-INF/classes/ contains ErraiApp.properties in root dir. Please consider moving it to META-INF/
2017-12-11 22:58:15,805 INFO  [org.jboss.errai.codegen.util.ClassChangeUtil] (default task-4) Searching for class: org.jboss.errai.ServerMarshallingFactoryImpl
2017-12-11 22:58:15,810 INFO  [org.jboss.errai.codegen.util.ClassChangeUtil] (default task-4) Could not find URL for org.jboss.errai.ServerMarshallingFactoryImpl. Attempting to load with context class loader.
2017-12-11 22:58:15,811 WARN  [org.jboss.errai.codegen.util.ClassChangeUtil] (default task-4) Could not load org.jboss.errai.ServerMarshallingFactoryImpl class.
2017-12-11 22:58:15,822 WARN  [org.jboss.errai.common.metadata.ErraiAppPropertiesFiles] (default task-4) Module vfs:/home/danielkorbel2/git/erp/src/main/webapp/WEB-INF/classes/ contains ErraiApp.properties in root dir. Please consider moving it to META-INF/
2017-12-11 22:58:15,824 WARN  [org.jboss.errai.common.metadata.ErraiAppPropertiesFiles] (default task-4) Module vfs:/home/danielkorbel2/git/erp/src/main/webapp/WEB-INF/classes/ contains ErraiApp.properties in root dir. Please consider moving it to META-INF/
2017-12-11 22:58:15,965 WARN  [org.jboss.errai.common.metadata.ErraiAppPropertiesFiles] (default task-4) Module vfs:/home/danielkorbel2/git/erp/src/main/webapp/WEB-INF/classes/ contains ErraiApp.properties in root dir. Please consider moving it to META-INF/
2017-12-11 22:58:15,966 WARN  [org.jboss.errai.common.metadata.ErraiAppPropertiesFiles] (default task-4) Module vfs:/home/danielkorbel2/git/erp/src/main/webapp/WEB-INF/classes/ contains ErraiApp.properties in root dir. Please consider moving it to META-INF/
